<?xml version="1.0" encoding="UTF-8"?>
<!-- Generated by org.testng.reporters.JUnitReportReporter -->
<testsuite hostname="DESKTOP-ILVP5HG" failures="0" tests="3" name="smarthealth.appAutomate.NewBornActions" time="68.880" errors="0" timestamp="2024-09-26T12:40:14 BDT" skipped="0">
  <testcase classname="smarthealth.appAutomate.NewBornActions" name="PNCAdd" time="28.363"/>
  <testcase classname="smarthealth.appAutomate.NewBornActions" name="ECCDAdd" time="25.906"/>
  <testcase classname="smarthealth.appAutomate.NewBornActions" name="memberAdd" time="14.611"/>
</testsuite> <!-- smarthealth.appAutomate.NewBornActions -->
