<?xml version="1.0" encoding="UTF-8"?>
<!-- Generated by org.testng.reporters.JUnitReportReporter -->
<testsuite hostname="DESKTOP-ILVP5HG" failures="0" tests="1" name="smarthealth.appAutomate.AppTest" time="15.116" errors="0" timestamp="2024-09-23T11:21:52 BDT" skipped="0">
  <testcase classname="smarthealth.appAutomate.AppTest" name="configAppium" time="15.116"/>
</testsuite> <!-- smarthealth.appAutomate.AppTest -->
