<?xml version="1.0" encoding="UTF-8"?>
<!-- Generated by org.testng.reporters.JUnitReportReporter -->
<testsuite hostname="DESKTOP-ILVP5HG" failures="0" tests="1" name="smarthealth.appAutomate.AddHh" time="56.748" errors="0" timestamp="2024-09-26T18:01:22 BDT" skipped="0">
  <testcase classname="smarthealth.appAutomate.AddHh" name="HouseHoldCreate" time="56.748"/>
</testsuite> <!-- smarthealth.appAutomate.AddHh -->
