<?xml version="1.0" encoding="UTF-8"?>
<!-- Generated by org.testng.reporters.JUnitReportReporter -->
<testsuite hostname="DESKTOP-ILVP5HG" failures="0" tests="1" name="smarthealth.appAutomate.MemberRegister" time="26.661" errors="0" timestamp="2024-09-25T15:39:20 BDT" skipped="0">
  <testcase classname="smarthealth.appAutomate.MemberRegister" name="memberAdd" time="26.661"/>
</testsuite> <!-- smarthealth.appAutomate.MemberRegister -->
