<?xml version="1.0" encoding="UTF-8"?>
<!-- Generated by org.testng.reporters.JUnitReportReporter -->
<testsuite hostname="DESKTOP-ILVP5HG" failures="0" tests="1" name="test.classes.AddHhTest" time="50.398" errors="0" timestamp="2024-09-29T16:16:13 BDT" skipped="0">
  <testcase classname="test.classes.AddHhTest" name="testHouseholdCreation" time="50.398"/>
</testsuite> <!-- test.classes.AddHhTest -->
