<?xml version="1.0" encoding="UTF-8"?>
<!-- Generated by org.testng.reporters.JUnitReportReporter -->
<testsuite hostname="DESKTOP-ILVP5HG" failures="0" tests="3" name="test.classes.NewbornAddTest" time="55.328" errors="0" timestamp="2024-10-01T16:46:05 BDT" skipped="1">
  <testcase classname="test.classes.NewbornAddTest" name="testECCDAdd" time="17.381"/>
  <testcase classname="test.classes.NewbornAddTest" name="testMemberAdd" time="27.863"/>
  <testcase classname="test.classes.NewbornAddTest" name="testPNCAdd" time="10.084">
    <skipped/>
  </testcase> <!-- testPNCAdd -->
</testsuite> <!-- test.classes.NewbornAddTest -->
